2023-03-17 00:23:49,842 [INFO   ] [APP] autotrader started with arguments={rtg.py, run, autotrader.py}
2023-03-17 00:23:49,842 [INFO   ] [APP] configuration={"Execution":{"Host":"127.0.0.1","Port":12345},"Information":{"Type":"mmap","Name":"info.dat"},"TeamName":"Pfusch","Secret":"secret"}
2023-03-17 00:23:49,860 [INFO   ] [CONNECTION] fd=956 connection established: peer=127.0.0.1:12345
2023-03-17 00:23:54,859 [INFO   ] [TRADER] ORDER BOOK 0; BIDS: (0, 0, 0, 0, 0); BID VOLS: (0, 0, 0, 0, 0); ASKS: (0, 0, 0, 0, 0); ASK VOLS: (0, 0, 0, 0, 0)
2023-03-17 00:23:54,859 [INFO   ] [TRADER] ORDER BOOK 1; BIDS: (0, 0, 0, 0, 0); BID VOLS: (0, 0, 0, 0, 0); ASKS: (0, 0, 0, 0, 0); ASK VOLS: (0, 0, 0, 0, 0)
2023-03-17 00:23:55,067 [INFO   ] [TRADER] ORDER BOOK 0; BIDS: (146900, 146800, 146600, 146300, 146000); BID VOLS: (5000, 3000, 1000, 1000, 2000); ASKS: (147100, 147200, 147400, 148000, 152200); ASK VOLS: (9400, 9740, 4000, 2000, 1000)
2023-03-17 00:23:55,067 [INFO   ] [TRADER] ORDER BOOK 1; BIDS: (146400, 0, 0, 0, 0); BID VOLS: (10000, 0, 0, 0, 0); ASKS: (147600, 0, 0, 0, 0); ASK VOLS: (10000, 0, 0, 0, 0)
2023-03-17 00:23:55,067 [INFO   ] [TRADER] {'Price 0': 147000.0, 'Price 1': 147000.0, 'spread': 0.0, 'spread_norm': 0}
2023-03-17 00:23:55,378 [INFO   ] [TRADER] ORDER BOOK 0; BIDS: (146900, 146800, 146700, 146000, 145900); BID VOLS: (900, 1740, 3000, 2000, 2000); ASKS: (147100, 147200, 147300, 147400, 148000); ASK VOLS: (10400, 13740, 2000, 4000, 2000)
2023-03-17 00:23:55,378 [INFO   ] [TRADER] ORDER BOOK 1; BIDS: (146400, 0, 0, 0, 0); BID VOLS: (10000, 0, 0, 0, 0); ASKS: (147600, 0, 0, 0, 0); ASK VOLS: (10000, 0, 0, 0, 0)
2023-03-17 00:23:55,378 [INFO   ] [TRADER] {'Price 0': 147000.0, 'Price 1': 147000.0, 'spread': 0.0, 'spread_norm': 0}
2023-03-17 00:23:55,662 [INFO   ] [TRADER] ORDER BOOK 0; BIDS: (146900, 146700, 146600, 146500, 146300); BID VOLS: (3450, 3000, 1000, 1000, 1000); ASKS: (147100, 147200, 147400, 148000, 148600); ASK VOLS: (9410, 12000, 1000, 2000, 1000)
2023-03-17 00:23:55,662 [INFO   ] [TRADER] ORDER BOOK 1; BIDS: (146400, 0, 0, 0, 0); BID VOLS: (10000, 0, 0, 0, 0); ASKS: (147600, 0, 0, 0, 0); ASK VOLS: (10000, 0, 0, 0, 0)
2023-03-17 00:23:55,662 [INFO   ] [TRADER] {'Price 0': 147000.0, 'Price 1': 147000.0, 'spread': 0.0, 'spread_norm': 0}
2023-03-17 00:23:55,882 [INFO   ] [TRADER] ORDER BOOK 0; BIDS: (147000, 146900, 146800, 146700, 146600); BID VOLS: (6000, 12450, 4000, 1000, 2000); ASKS: (147300, 147400, 147500, 147600, 148000); ASK VOLS: (6000, 1000, 1000, 1000, 2000)
2023-03-17 00:23:55,882 [INFO   ] [TRADER] ORDER BOOK 1; BIDS: (146400, 0, 0, 0, 0); BID VOLS: (10000, 0, 0, 0, 0); ASKS: (147600, 0, 0, 0, 0); ASK VOLS: (10000, 0, 0, 0, 0)
2023-03-17 00:23:55,882 [INFO   ] [TRADER] {'Price 0': 147150.0, 'Price 1': 147000.0, 'spread': 150.0, 'spread_norm': 1.0}
2023-03-17 00:23:55,882 [INFO   ] [TRADER] ETF 1; price 147600; volume: 100
2023-03-17 00:23:55,890 [INFO   ] [TRADER] FUTURE 0; price 147000; volume: 100
2023-03-17 00:23:55,890 [INFO   ] [TRADER] ETF Order 0 filled; volume filled 100; at price 147600; ETF position 100
2023-03-17 00:23:55,890 [INFO   ] [TRADER] Order 0 status update; volume filled 100; volume remaining 0; fees 2952; Future position 0; ETF position 100
2023-03-17 00:23:55,891 [INFO   ] [TRADER] Future Order 1 filled; volume filled 100; at price 147100; Future position 0
2023-03-17 00:23:56,086 [INFO   ] [TRADER] ORDER BOOK 0; BIDS: (147000, 146900, 146800, 146700, 146600); BID VOLS: (7740, 16000, 1000, 1000, 2000); ASKS: (147200, 147300, 147400, 147500, 147600); ASK VOLS: (1000, 10000, 11400, 1000, 3000)
2023-03-17 00:23:56,087 [INFO   ] [TRADER] ORDER BOOK 1; BIDS: (146600, 0, 0, 0, 0); BID VOLS: (10000, 0, 0, 0, 0); ASKS: (147000, 147800, 0, 0, 0); ASK VOLS: (1, 10000, 0, 0, 0)
2023-03-17 00:23:56,087 [INFO   ] [TRADER] {'Price 0': 147100.0, 'Price 1': 147199.5, 'spread': -99.5, 'spread_norm': 0.0}
2023-03-17 00:23:56,088 [INFO   ] [TRADER] ETF 0; price 146600; volume: 100
2023-03-17 00:23:56,089 [INFO   ] [TRADER] FUTURE 1; price 147200; volume: 100
2023-03-17 00:23:56,089 [INFO   ] [TRADER] ETF Order 2 filled; volume filled 100; at price 146600; ETF position 0
2023-03-17 00:23:56,089 [INFO   ] [TRADER] Order 2 status update; volume filled 100; volume remaining 0; fees 2932; Future position -100; ETF position 0
2023-03-17 00:23:56,089 [INFO   ] [TRADER] Future Order 3 filled; volume filled 100; at price 147200; Future position -100
2023-03-17 00:23:56,402 [INFO   ] [TRADER] ORDER BOOK 0; BIDS: (147000, 146900, 146800, 146700, 146600); BID VOLS: (2900, 13000, 2000, 1000, 2000); ASKS: (147100, 147200, 147300, 147400, 147800); ASK VOLS: (20, 10400, 9000, 14000, 1000)
2023-03-17 00:23:56,402 [INFO   ] [TRADER] ORDER BOOK 1; BIDS: (146500, 144100, 0, 0, 0); BID VOLS: (10000, 31, 0, 0, 0); ASKS: (147000, 147700, 0, 0, 0); ASK VOLS: (1, 10000, 0, 0, 0)
2023-03-17 00:23:56,402 [INFO   ] [TRADER] {'Price 0': 147098.75, 'Price 1': 147099.5625, 'spread': -0.8125, 'spread_norm': 0.39554108216432865}
2023-03-17 00:23:56,402 [INFO   ] [TRADER] ETF 0; price 146500; volume: 40
2023-03-17 00:23:56,404 [INFO   ] [TRADER] FUTURE 1; price 147100; volume: 20
2023-03-17 00:23:56,404 [INFO   ] [TRADER] FUTURE 1; price 147200; volume: 20
2023-03-17 00:23:56,404 [INFO   ] [TRADER] ETF Order 4 filled; volume filled 40; at price 146500; ETF position -40
2023-03-17 00:23:56,404 [INFO   ] [TRADER] Order 4 status update; volume filled 40; volume remaining 0; fees 1172; Future position 0; ETF position -40
2023-03-17 00:23:56,404 [INFO   ] [TRADER] Future Order 5 filled; volume filled 20; at price 147100; Future position 0
2023-03-17 00:23:56,404 [INFO   ] [TRADER] Future Order 6 filled; volume filled 20; at price 147100; Future position 20
2023-03-17 00:23:56,592 [INFO   ] [TRADER] ORDER BOOK 0; BIDS: (147000, 146900, 146800, 146700, 146600); BID VOLS: (3900, 13000, 2000, 1000, 2000); ASKS: (147100, 147200, 147300, 147400, 147700); ASK VOLS: (20, 10400, 9000, 14000, 1000)
2023-03-17 00:23:56,592 [INFO   ] [TRADER] ORDER BOOK 1; BIDS: (146400, 144100, 0, 0, 0); BID VOLS: (10000, 31, 0, 0, 0); ASKS: (147000, 147600, 0, 0, 0); ASK VOLS: (1, 10000, 0, 0, 0)
2023-03-17 00:23:56,592 [INFO   ] [TRADER] {'Price 0': 147098.75, 'Price 1': 146999.625, 'spread': 99.125, 'spread_norm': 0.7960921843687375}
2023-03-17 00:23:56,592 [INFO   ] [TRADER] ETF 1; price 147000; volume: 1
2023-03-17 00:23:56,593 [INFO   ] [TRADER] ETF 1; price 147600; volume: 119
2023-03-17 00:23:56,597 [INFO   ] [TRADER] FUTURE 0; price 147000; volume: 1
2023-03-17 00:23:56,597 [INFO   ] [TRADER] ETF Order 7 filled; volume filled 1; at price 147000; ETF position -39
2023-03-17 00:23:56,597 [INFO   ] [TRADER] Order 7 status update; volume filled 1; volume remaining 0; fees 29; Future position 40; ETF position -39
2023-03-17 00:23:56,597 [INFO   ] [TRADER] FUTURE 0; price 147000; volume: 120
2023-03-17 00:23:56,597 [INFO   ] [TRADER] ETF Order 8 filled; volume filled 119; at price 147600; ETF position 80
2023-03-17 00:23:56,597 [INFO   ] [TRADER] Order 8 status update; volume filled 119; volume remaining 0; fees 3513; Future position 40; ETF position 80
2023-03-17 00:23:56,597 [INFO   ] [TRADER] Future Order 9 filled; volume filled 1; at price 147000; Future position 40
2023-03-17 00:23:56,597 [INFO   ] [TRADER] Future Order 10 filled; volume filled 120; at price 147000; Future position 39
2023-03-17 00:23:56,830 [INFO   ] [TRADER] ORDER BOOK 0; BIDS: (147000, 146900, 146800, 146600, 146500); BID VOLS: (900, 3000, 10000, 1000, 1000); ASKS: (147100, 147200, 147300, 147400, 147500); ASK VOLS: (9420, 13000, 9000, 14000, 1000)
2023-03-17 00:23:56,830 [INFO   ] [TRADER] ORDER BOOK 1; BIDS: (146400, 144100, 0, 0, 0); BID VOLS: (10000, 31, 0, 0, 0); ASKS: (147600, 0, 0, 0, 0); ASK VOLS: (9881, 0, 0, 0, 0)
2023-03-17 00:23:56,830 [INFO   ] [TRADER] {'Price 0': 147050.0, 'Price 1': 147000.0, 'spread': 50.0, 'spread_norm': 0.5991983967935872}
2023-03-17 00:23:56,831 [INFO   ] [TRADER] ETF 0; price 146400; volume: 20
2023-03-17 00:23:56,831 [INFO   ] [TRADER] FUTURE 1; price 147100; volume: 21
2023-03-17 00:23:56,831 [INFO   ] [TRADER] ETF Order 11 filled; volume filled 20; at price 146400; ETF position 60
2023-03-17 00:23:56,831 [INFO   ] [TRADER] Order 11 status update; volume filled 20; volume remaining 0; fees 586; Future position -81; ETF position 60
2023-03-17 00:23:56,831 [INFO   ] [TRADER] Future Order 12 filled; volume filled 21; at price 147100; Future position -81
2023-03-17 00:23:57,158 [INFO   ] [TRADER] ORDER BOOK 0; BIDS: (147000, 146900, 146800, 146700, 146600); BID VOLS: (2000, 14710, 9720, 1000, 1000); ASKS: (147100, 147200, 147300, 147400, 147700); ASK VOLS: (9400, 10000, 9000, 11000, 1000)
2023-03-17 00:23:57,158 [INFO   ] [TRADER] ORDER BOOK 1; BIDS: (146400, 144700, 144100, 0, 0); BID VOLS: (10000, 20, 31, 0, 0); ASKS: (147600, 0, 0, 0, 0); ASK VOLS: (10000, 0, 0, 0, 0)
2023-03-17 00:23:57,158 [INFO   ] [TRADER] {'Price 0': 147050.0, 'Price 1': 147000.0, 'spread': 50.0, 'spread_norm': 0.5991983967935872}
2023-03-17 00:23:57,410 [INFO   ] [TRADER] ORDER BOOK 0; BIDS: (146800, 146700, 146500, 146400, 146300); BID VOLS: (2000, 9000, 1000, 1000, 1000); ASKS: (147000, 147100, 147200, 147300, 147400); ASK VOLS: (11400, 10710, 13000, 11000, 10000)
2023-03-17 00:23:57,410 [INFO   ] [TRADER] ORDER BOOK 1; BIDS: (146400, 145300, 144700, 144100, 0); BID VOLS: (9929, 18, 20, 31, 0); ASKS: (147600, 0, 0, 0, 0); ASK VOLS: (10000, 0, 0, 0, 0)
2023-03-17 00:23:57,410 [INFO   ] [TRADER] {'Price 0': 146900.0, 'Price 1': 147000.0, 'spread': -100.0, 'spread_norm': 0.0}
2023-03-17 00:23:57,410 [INFO   ] [TRADER] ETF 0; price 146400; volume: 60
2023-03-17 00:23:57,413 [INFO   ] [TRADER] FUTURE 1; price 147000; volume: 60
2023-03-17 00:23:57,413 [INFO   ] [TRADER] ETF Order 13 filled; volume filled 60; at price 146400; ETF position 0
2023-03-17 00:23:57,413 [INFO   ] [TRADER] Order 13 status update; volume filled 60; volume remaining 0; fees 1757; Future position -60; ETF position 0
2023-03-17 00:23:57,413 [INFO   ] [TRADER] Future Order 14 filled; volume filled 60; at price 147000; Future position -60
2023-03-17 00:23:57,597 [INFO   ] [TRADER] ORDER BOOK 0; BIDS: (146700, 146500, 146400, 146300, 146200); BID VOLS: (1000, 9000, 1000, 1000, 1000); ASKS: (147000, 147100, 147200, 147300, 147400); ASK VOLS: (11400, 10710, 13000, 11000, 10000)
2023-03-17 00:23:57,597 [INFO   ] [TRADER] ORDER BOOK 1; BIDS: (146200, 145300, 144700, 144100, 0); BID VOLS: (10000, 18, 20, 31, 0); ASKS: (147400, 0, 0, 0, 0); ASK VOLS: (10000, 0, 0, 0, 0)
2023-03-17 00:23:57,597 [INFO   ] [TRADER] {'Price 0': 146850.0, 'Price 1': 146800.0, 'spread': 50.0, 'spread_norm': 0.6}
2023-03-17 00:23:57,599 [INFO   ] [TRADER] ETF 1; price 147400; volume: 60
2023-03-17 00:23:57,599 [INFO   ] [TRADER] FUTURE 0; price 146700; volume: 60
2023-03-17 00:23:57,599 [INFO   ] [TRADER] ETF Order 15 filled; volume filled 60; at price 147400; ETF position 60
2023-03-17 00:23:57,599 [INFO   ] [TRADER] Order 15 status update; volume filled 60; volume remaining 0; fees 1769; Future position 0; ETF position 60
2023-03-17 00:23:57,599 [INFO   ] [TRADER] Future Order 16 filled; volume filled 60; at price 146700; Future position 0
2023-03-17 00:23:57,880 [INFO   ] [TRADER] ORDER BOOK 0; BIDS: (146700, 146500, 146400, 146300, 146200); BID VOLS: (1000, 9000, 1000, 1000, 1000); ASKS: (147000, 147100, 147200, 147300, 147400); ASK VOLS: (11400, 10710, 13000, 11000, 10000)
2023-03-17 00:23:57,880 [INFO   ] [TRADER] ORDER BOOK 1; BIDS: (146200, 145300, 144700, 144100, 0); BID VOLS: (10000, 18, 20, 31, 0); ASKS: (147400, 0, 0, 0, 0); ASK VOLS: (10000, 0, 0, 0, 0)
2023-03-17 00:23:57,880 [INFO   ] [TRADER] {'Price 0': 146850.0, 'Price 1': 146800.0, 'spread': 50.0, 'spread_norm': 0.6}
2023-03-17 00:23:58,084 [INFO   ] [TRADER] ORDER BOOK 0; BIDS: (146800, 146700, 146500, 146400, 146300); BID VOLS: (3000, 9000, 10000, 1000, 1000); ASKS: (147000, 147100, 147200, 147300, 147400); ASK VOLS: (9400, 13000, 10000, 11000, 10000)
2023-03-17 00:23:58,084 [INFO   ] [TRADER] ORDER BOOK 1; BIDS: (146300, 145300, 144700, 144100, 0); BID VOLS: (10000, 18, 20, 31, 0); ASKS: (147500, 0, 0, 0, 0); ASK VOLS: (10000, 0, 0, 0, 0)
2023-03-17 00:23:58,084 [INFO   ] [TRADER] {'Price 0': 146900.0, 'Price 1': 146900.0, 'spread': 0.0, 'spread_norm': 0.4}
2023-03-17 00:23:58,396 [INFO   ] [TRADER] ORDER BOOK 0; BIDS: (146800, 146700, 146600, 146500, 146400); BID VOLS: (13000, 9000, 3000, 10000, 1000); ASKS: (147000, 147100, 147200, 147300, 147400); ASK VOLS: (9000, 12400, 10000, 11000, 10000)
2023-03-17 00:23:58,396 [INFO   ] [TRADER] ORDER BOOK 1; BIDS: (146300, 145300, 144700, 144100, 0); BID VOLS: (10000, 18, 20, 31, 0); ASKS: (147500, 0, 0, 0, 0); ASK VOLS: (10000, 0, 0, 0, 0)
2023-03-17 00:23:58,398 [INFO   ] [TRADER] {'Price 0': 146900.0, 'Price 1': 146900.0, 'spread': 0.0, 'spread_norm': 0.4}
2023-03-17 00:23:58,632 [INFO   ] [TRADER] ORDER BOOK 0; BIDS: (146800, 146700, 146600, 146500, 146400); BID VOLS: (13000, 9000, 3000, 10000, 1000); ASKS: (147000, 147100, 147200, 147300, 147400); ASK VOLS: (1000, 12400, 10000, 11000, 10000)
2023-03-17 00:23:58,632 [INFO   ] [TRADER] ORDER BOOK 1; BIDS: (146300, 145300, 144700, 144100, 0); BID VOLS: (9983, 18, 20, 31, 0); ASKS: (147500, 148900, 0, 0, 0); ASK VOLS: (10000, 78, 0, 0, 0)
2023-03-17 00:23:58,632 [INFO   ] [TRADER] {'Price 0': 146900.0, 'Price 1': 146900.0, 'spread': 0.0, 'spread_norm': 0.4}
2023-03-17 00:23:58,868 [INFO   ] [TRADER] ORDER BOOK 0; BIDS: (146800, 146700, 146600, 146500, 146400); BID VOLS: (2000, 3000, 1000, 12000, 2000); ASKS: (147000, 147100, 147200, 147300, 147400); ASK VOLS: (14120, 9000, 10000, 11000, 3000)
2023-03-17 00:23:58,868 [INFO   ] [TRADER] ORDER BOOK 1; BIDS: (146200, 145300, 144700, 144100, 0); BID VOLS: (10000, 18, 20, 31, 0); ASKS: (147400, 148900, 0, 0, 0); ASK VOLS: (10000, 78, 0, 0, 0)
2023-03-17 00:23:58,868 [INFO   ] [TRADER] {'Price 0': 146900.0, 'Price 1': 146800.0, 'spread': 100.0, 'spread_norm': 0.8}
2023-03-17 00:23:58,868 [INFO   ] [TRADER] ETF 1; price 147400; volume: 20
2023-03-17 00:23:58,869 [INFO   ] [TRADER] FUTURE 0; price 146800; volume: 20
2023-03-17 00:23:58,869 [INFO   ] [TRADER] ETF Order 17 filled; volume filled 20; at price 147400; ETF position 80
2023-03-17 00:23:58,869 [INFO   ] [TRADER] Order 17 status update; volume filled 20; volume remaining 0; fees 590; Future position -60; ETF position 80
2023-03-17 00:23:58,869 [INFO   ] [TRADER] Future Order 18 filled; volume filled 20; at price 146800; Future position -60
2023-03-17 00:23:59,152 [INFO   ] [TRADER] ORDER BOOK 0; BIDS: (146800, 146700, 146600, 146500, 146400); BID VOLS: (5000, 11000, 1000, 13000, 2000); ASKS: (147000, 147100, 147200, 147300, 147400); ASK VOLS: (13400, 9000, 10000, 11000, 3000)
2023-03-17 00:23:59,152 [INFO   ] [TRADER] ORDER BOOK 1; BIDS: (146200, 145300, 144700, 144100, 0); BID VOLS: (10000, 18, 20, 31, 0); ASKS: (147200, 147400, 148900, 0, 0); ASK VOLS: (20, 10000, 78, 0, 0)
2023-03-17 00:23:59,153 [INFO   ] [TRADER] {'Price 0': 146900.0, 'Price 1': 146797.5, 'spread': 102.5, 'spread_norm': 0.81}
2023-03-17 00:23:59,153 [INFO   ] [TRADER] ETF 1; price 147200; volume: 1
2023-03-17 00:23:59,153 [INFO   ] [TRADER] FUTURE 0; price 146800; volume: 1
2023-03-17 00:23:59,153 [INFO   ] [TRADER] ETF Order 19 filled; volume filled 1; at price 147200; ETF position 81
2023-03-17 00:23:59,153 [INFO   ] [TRADER] Order 19 status update; volume filled 1; volume remaining 0; fees 29; Future position -80; ETF position 81
2023-03-17 00:23:59,153 [INFO   ] [TRADER] Future Order 20 filled; volume filled 1; at price 146800; Future position -80
2023-03-17 00:23:59,359 [INFO   ] [TRADER] ORDER BOOK 0; BIDS: (146800, 146700, 146600, 146500, 146400); BID VOLS: (2000, 3000, 1000, 11000, 2000); ASKS: (147000, 147100, 147200, 147300, 147400); ASK VOLS: (15130, 9000, 12000, 12000, 3000)
2023-03-17 00:23:59,359 [INFO   ] [TRADER] ORDER BOOK 1; BIDS: (146300, 145300, 144700, 144100, 0); BID VOLS: (9981, 18, 20, 31, 0); ASKS: (147200, 147500, 148900, 0, 0); ASK VOLS: (19, 10000, 78, 0, 0)
2023-03-17 00:23:59,359 [INFO   ] [TRADER] {'Price 0': 146900.0, 'Price 1': 146896.4375, 'spread': 3.5625, 'spread_norm': 0.41425}
2023-03-17 00:23:59,359 [INFO   ] [TRADER] ETF 0; price 146300; volume: 40
2023-03-17 00:23:59,360 [INFO   ] [TRADER] FUTURE 1; price 147000; volume: 40
2023-03-17 00:23:59,360 [INFO   ] [TRADER] ETF Order 21 filled; volume filled 40; at price 146300; ETF position 41
2023-03-17 00:23:59,360 [INFO   ] [TRADER] Order 21 status update; volume filled 40; volume remaining 0; fees 1170; Future position -81; ETF position 41
2023-03-17 00:23:59,361 [INFO   ] [TRADER] Future Order 22 filled; volume filled 40; at price 147000; Future position -81
2023-03-17 00:23:59,593 [INFO   ] [TRADER] ORDER BOOK 0; BIDS: (146600, 146500, 146400, 146300, 146200); BID VOLS: (3000, 9000, 9000, 2000, 1000); ASKS: (146800, 146900, 147000, 147100, 147200); ASK VOLS: (8400, 12740, 11000, 12000, 11000)
2023-03-17 00:23:59,593 [INFO   ] [TRADER] ORDER BOOK 1; BIDS: (146100, 145300, 144700, 144100, 0); BID VOLS: (10000, 18, 20, 31, 0); ASKS: (147200, 147300, 148900, 0, 0); ASK VOLS: (19, 10000, 78, 0, 0)
2023-03-17 00:23:59,593 [INFO   ] [TRADER] {'Price 0': 146700.0, 'Price 1': 146698.8125, 'spread': 1.1875, 'spread_norm': 0.40475}
2023-03-17 00:23:59,593 [INFO   ] [TRADER] ETF 0; price 146100; volume: 1
2023-03-17 00:23:59,594 [INFO   ] [TRADER] FUTURE 1; price 146800; volume: 1
2023-03-17 00:23:59,594 [INFO   ] [TRADER] ETF Order 23 filled; volume filled 1; at price 146100; ETF position 40
2023-03-17 00:23:59,596 [INFO   ] [TRADER] Order 23 status update; volume filled 1; volume remaining 0; fees 29; Future position -41; ETF position 40
2023-03-17 00:23:59,596 [INFO   ] [TRADER] Future Order 24 filled; volume filled 1; at price 146800; Future position -41
2023-03-17 00:23:59,887 [INFO   ] [TRADER] ORDER BOOK 0; BIDS: (146700, 146600, 146500, 146400, 146300); BID VOLS: (2000, 11000, 12000, 10000, 2000); ASKS: (146800, 146900, 147000, 147100, 147200); ASK VOLS: (9000, 11000, 11000, 12000, 11000)
2023-03-17 00:23:59,887 [INFO   ] [TRADER] ORDER BOOK 1; BIDS: (146200, 145300, 144700, 144100, 0); BID VOLS: (10000, 18, 20, 31, 0); ASKS: (147200, 147400, 148900, 0, 0); ASK VOLS: (19, 10000, 78, 0, 0)
2023-03-17 00:23:59,888 [INFO   ] [TRADER] {'Price 0': 146750.0, 'Price 1': 146797.625, 'spread': -47.625, 'spread_norm': 0.2095}
2023-03-17 00:23:59,888 [INFO   ] [TRADER] ETF 0; price 146200; volume: 61
2023-03-17 00:23:59,889 [INFO   ] [TRADER] FUTURE 1; price 146800; volume: 61
2023-03-17 00:23:59,889 [INFO   ] [TRADER] ETF Order 25 filled; volume filled 61; at price 146200; ETF position -21
2023-03-17 00:23:59,889 [INFO   ] [TRADER] Order 25 status update; volume filled 61; volume remaining 0; fees 1784; Future position -40; ETF position -21
2023-03-17 00:23:59,889 [INFO   ] [TRADER] Future Order 26 filled; volume filled 61; at price 146800; Future position -40
2023-03-17 00:24:00,128 [INFO   ] [TRADER] ORDER BOOK 0; BIDS: (146800, 146700, 146600, 146500, 146400); BID VOLS: (13000, 15750, 13000, 10000, 11000); ASKS: (147000, 147100, 147200, 147300, 147400); ASK VOLS: (9400, 12000, 10000, 11000, 3000)
2023-03-17 00:24:00,128 [INFO   ] [TRADER] ORDER BOOK 1; BIDS: (146200, 145300, 144700, 144100, 0); BID VOLS: (9939, 18, 20, 31, 0); ASKS: (147200, 147400, 148900, 0, 0); ASK VOLS: (19, 10000, 78, 0, 0)
2023-03-17 00:24:00,128 [INFO   ] [TRADER] {'Price 0': 146900.0, 'Price 1': 146797.625, 'spread': 102.375, 'spread_norm': 0.8095}
2023-03-17 00:24:00,129 [INFO   ] [TRADER] ETF 1; price 147200; volume: 19
2023-03-17 00:24:00,129 [INFO   ] [TRADER] ETF 1; price 147400; volume: 83
2023-03-17 00:24:00,129 [INFO   ] [TRADER] FUTURE 0; price 146800; volume: 19
2023-03-17 00:24:00,129 [INFO   ] [TRADER] ETF Order 27 filled; volume filled 19; at price 147200; ETF position -2
2023-03-17 00:24:00,129 [INFO   ] [TRADER] Order 27 status update; volume filled 19; volume remaining 0; fees 559; Future position 21; ETF position -2
2023-03-17 00:24:00,129 [INFO   ] [TRADER] FUTURE 0; price 146800; volume: 102
2023-03-17 00:24:00,130 [INFO   ] [TRADER] ETF Order 28 filled; volume filled 83; at price 147400; ETF position 81
2023-03-17 00:24:00,130 [INFO   ] [TRADER] Order 28 status update; volume filled 83; volume remaining 0; fees 2447; Future position 21; ETF position 81
2023-03-17 00:24:00,130 [INFO   ] [TRADER] Future Order 29 filled; volume filled 19; at price 146800; Future position 21
2023-03-17 00:24:00,130 [INFO   ] [TRADER] Future Order 30 filled; volume filled 102; at price 146800; Future position 2
2023-03-17 00:24:00,364 [INFO   ] [TRADER] ORDER BOOK 0; BIDS: (147000, 146900, 146800, 146700, 146600); BID VOLS: (14000, 13750, 18750, 16750, 9000); ASKS: (147200, 147300, 147400, 147500, 147700); ASK VOLS: (1400, 11000, 11000, 3000, 1000)
2023-03-17 00:24:00,364 [INFO   ] [TRADER] ORDER BOOK 1; BIDS: (146300, 145300, 144700, 144100, 0); BID VOLS: (10000, 18, 20, 31, 0); ASKS: (147500, 148900, 0, 0, 0); ASK VOLS: (10000, 78, 0, 0, 0)
2023-03-17 00:24:00,365 [INFO   ] [TRADER] {'Price 0': 147100.0, 'Price 1': 146900.0, 'spread': 200.0, 'spread_norm': 1.0}
2023-03-17 00:24:00,365 [INFO   ] [TRADER] ETF 1; price 147500; volume: 19
2023-03-17 00:24:00,366 [INFO   ] [TRADER] ETF Order 31 filled; volume filled 19; at price 147500; ETF position 100
2023-03-17 00:24:00,366 [INFO   ] [TRADER] Order 31 status update; volume filled 19; volume remaining 0; fees 560; Future position -100; ETF position 100
2023-03-17 00:24:00,632 [INFO   ] [TRADER] ORDER BOOK 0; BIDS: (146800, 146700, 146600, 146500, 146400); BID VOLS: (3000, 15750, 12000, 9000, 3000); ASKS: (147000, 147100, 147200, 147300, 147400); ASK VOLS: (11400, 11760, 12760, 11000, 11000)
2023-03-17 00:24:00,632 [INFO   ] [TRADER] ORDER BOOK 1; BIDS: (147000, 146300, 145300, 144700, 144100); BID VOLS: (84, 10000, 18, 20, 31); ASKS: (147500, 148900, 0, 0, 0); ASK VOLS: (10000, 78, 0, 0, 0)
2023-03-17 00:24:00,632 [INFO   ] [TRADER] {'Price 0': 146900.0, 'Price 1': 146936.75, 'spread': -36.75, 'spread_norm': 0.21083333333333334}
2023-03-17 00:24:00,633 [INFO   ] [TRADER] ETF 0; price 147000; volume: 84
2023-03-17 00:24:00,633 [INFO   ] [TRADER] ETF 0; price 146300; volume: 37
2023-03-17 00:24:00,634 [INFO   ] [TRADER] FUTURE 1; price 147000; volume: 84
2023-03-17 00:24:00,634 [INFO   ] [TRADER] ETF Order 32 filled; volume filled 84; at price 147000; ETF position 16
2023-03-17 00:24:00,634 [INFO   ] [TRADER] Order 32 status update; volume filled 84; volume remaining 0; fees 2470; Future position -100; ETF position 16
2023-03-17 00:24:00,634 [INFO   ] [TRADER] FUTURE 1; price 147000; volume: 121
2023-03-17 00:24:00,634 [INFO   ] [TRADER] ETF Order 33 filled; volume filled 37; at price 146300; ETF position -21
2023-03-17 00:24:00,635 [INFO   ] [TRADER] Order 33 status update; volume filled 37; volume remaining 0; fees 1083; Future position -100; ETF position -21
2023-03-17 00:24:00,635 [INFO   ] [TRADER] Future Order 34 filled; volume filled 84; at price 147000; Future position -100
2023-03-17 00:24:00,635 [INFO   ] [TRADER] Future Order 35 filled; volume filled 121; at price 147000; Future position -16
2023-03-17 00:24:00,635 [WARNING] [TRADER] Error with order 35: future position limit breached
2023-03-17 00:24:00,636 [INFO   ] [CONNECTION] fd=956 connection lost
2023-03-17 00:24:00,636 [INFO   ] [APP] closing event loop
2023-03-17 00:24:00,637 [INFO   ] [RECEIVER] connection lost
